[01_bars] ============================================================
[01_bars] Stage 1 Ś Information-driven bars (dollar bars)
[01_bars] ============================================================
[01_bars] Loading minute bars (IS)...
[01_bars]   IS minute rows: 2,290,016  range=(2021-03-24 17:04:00+00:00, 2025-07-31 23:59:00+00:00)
[01_bars] Loading minute bars (OOS)...
[01_bars]   OOS minute rows: 338,114  range=(2025-08-01 00:00:00+00:00, 2026-03-23 19:13:00+00:00)
[01_bars] 
IS dollar-bar summary:
[01_bars] {
  "n_bars": 135233,
  "threshold_dollars": 178103685.29114768,
  "bars_per_day_mean": 84.99874292897549,
  "ret_mean": 1.1526439321260676e-05,
  "ret_std": 0.003503841822881525,
  "ret_skew": 0.09933636126576442,
  "ret_kurt": 11.31472031668789,
  "start": "2021-03-24 17:15:00+00:00",
  "end": "2025-07-31 23:57:00+00:00"
}
[01_bars] 
OOS dollar-bar summary:
[01_bars] {
  "n_bars": 18776,
  "threshold_dollars": 178103685.29114768,
  "bars_per_day_mean": 79.89787234042554,
  "ret_mean": -2.1925209049565894e-05,
  "ret_std": 0.0027946310185745127,
  "ret_skew": -0.20628133143583863,
  "ret_kurt": 7.8554555359459695,
  "start": "2025-08-01 00:11:00+00:00",
  "end": "2026-03-23 19:06:00+00:00"
}
[02_features] ============================================================
[02_features] Stage 2 Ś Features (SavGol causal, FFD, tstat, macro)
[02_features] ============================================================
[02_features] Exogenous series loaded: ['vix', 'dxy', 'fear_greed', 'funding_rate', 'etf_volume']
[02_features] IS features shape: (135233, 10)
[02_features] IS features columns: ['sg_velocity_51', 'sg_acceleration_5', 'tstat_10', 'tstat_20', 'tstat_50', 'volatility_20', 'ffd_close', 'vix_chg', 'btc_dxy_spread', 'fear_greed_zscore_5']
[02_features] IS describe:
[02_features]                             count        mean         std          min         25%         50%         75%          max
sg_velocity_51      135134.000000    0.000692    1.153214    -5.585462   -0.810391    0.012202    0.827722     4.957942
sg_acceleration_5   135229.000000   -0.000000    0.007252    -0.114900   -0.004063   -0.000014    0.004064     0.153202
tstat_10            135223.000000    0.021452    1.106949   -10.035508   -0.668929    0.020634    0.712012     9.944633
tstat_20            135213.000000    0.030645    1.020969    -4.741831   -0.640069    0.023294    0.701757     4.707368
tstat_50            135183.000000    0.049265    0.978572    -4.150993   -0.623688    0.034518    0.705426     3.838811
volatility_20       135193.000000    0.002219    0.001094     0.000377    0.001556    0.001996    0.002586     0.024205
ffd_close           134952.000000 3809.331582 1928.118179 -1636.259170 2164.413792 3388.522994 4918.249619 10446.578058
vix_chg             135233.000000    0.004161    0.090128    -0.357539   -0.041802   -0.008980    0.037037     0.740391
btc_dxy_spread      132691.000000   -0.005342    1.095435    -4.227288   -0.659251   -0.042903    0.588424     3.873101
fear_greed_zscore_5 135233.000000    0.008280    0.982870    -1.780926   -0.845489    0.000000    0.841368     1.788854
[02_features] 
OOS features shape: (18776, 10)
[03_labeling] ============================================================
[03_labeling] Stage 3 Ś Triple-Barrier labeling and Meta-Labels
[03_labeling] ============================================================
[03_labeling] IS side distribution: {0: 52714, 1: 43012, -1: 39507}
[03_labeling] IS events after side filter: 82,439
[03_labeling] IS touch counts: {'vertical': 58966, 'pt': 12413, 'sl': 11060}
[03_labeling] IS meta-label positive share: 0.503
[03_labeling] OOS events: 10,504  positive share: 0.500
[04_weights] ============================================================
[04_weights] Stage 4 Ś Sample weights from overlapping labels
[04_weights] ============================================================
